Solid Edge Translation to STL
Date: Friday,October 21,2022 01:27PM
Source File:C:\Users\JidgeasmudgeMeta-LT\Documents\GitHub\Industrial-Robotics-Assignment-2\Workspace\Dispenser.par
Source System: SOLID EDGE

Hardware:
Processor: Intel(R) Core(TM) i7-8700 CPU @ 3.20GHz
Operating System: Windows 10 Professional
Installed Memory: 15.87 GB

Software Information:
Parasolid Version: 34.0.153
PSBodyshop Version: 34.0.110
Solid Edge Version: 222.00.00.132 x64

STL Export Options:
Output File Format:BINARY
Export Displayed Parts:Off
structureOption: Monolithic
Export Units:Millimeter
Export Tolerance Value:0.050000
Export Tolerance Type:Custom
Export Surface Plane Angle Value:0.523599

Translation progress:
Phase 1 of 2 Fetching Parasolid information...
Phase 2 of 2 Translating Parasolid to foreign data types...
Number of STL file Created : 1
Translation process completed
Time required to translate:00 : 00 : 00
